#
# There is insufficient memory for the Java Runtime Environment to continue.
# Native memory allocation (malloc) failed to allocate 1303120 bytes. Error detail: Chunk::new
# Possible reasons:
#   The system is out of physical RAM or swap space
#   This process is running with CompressedOops enabled, and the Java Heap may be blocking the growth of the native heap
# Possible solutions:
#   Reduce memory load on the system
#   Increase physical memory or swap space
#   Check if swap backing store is full
#   Decrease Java heap size (-Xmx/-Xms)
#   Decrease number of Java threads
#   Decrease Java thread stack sizes (-Xss)
#   Set larger code cache with -XX:ReservedCodeCacheSize=
#   JVM is running with Unscaled Compressed Oops mode in which the Java heap is
#     placed in the first 4GB address space. The Java Heap base address is the
#     maximum limit for the native heap growth. Please use -XX:HeapBaseMinAddress
#     to set the Java Heap base and to place the Java Heap above 4GB virtual address.
# This output file may be truncated or incomplete.
#
#  Out of Memory Error (arena.cpp:150), pid=30812, tid=7588
#
# JRE version: OpenJDK Runtime Environment (22.0.1+8) (build 22.0.1+8-16)
# Java VM: OpenJDK 64-Bit Server VM (22.0.1+8-16, mixed mode, sharing, tiered, compressed oops, compressed class ptrs, g1 gc, windows-amd64)
# No core dump will be written. Minidumps are not enabled by default on client versions of Windows
#

---------------  S U M M A R Y ------------

Command Line: -javaagent:C:\Program Files\JetBrains\IntelliJ IDEA Community Edition 2024.1.1\lib\idea_rt.jar=61967:C:\Program Files\JetBrains\IntelliJ IDEA Community Edition 2024.1.1\bin -Dfile.encoding=UTF-8 -Dsun.stdout.encoding=UTF-8 -Dsun.stderr.encoding=UTF-8 com.example.Immersiveproject.ImmersiveProjectApplication

Host: AMD Ryzen 5 7520U with Radeon Graphics         , 8 cores, 5G,  Windows 11 , 64 bit Build 22621 (10.0.22621.3527)
Time: Tue May 28 11:07:52 2024 Central America Standard Time elapsed time: 6732.072250 seconds (0d 1h 52m 12s)

---------------  T H R E A D  ---------------

Current thread (0x000002126ff52700):  JavaThread "C2 CompilerThread0" daemon [_thread_in_native, id=7588, stack(0x000000ae01200000,0x000000ae01300000) (1024K)]


Current CompileTask:
C2:6732072 14670       4       org.springframework.expression.spel.support.ReflectivePropertyAccessor$$Lambda/0x0000021201a522a8::apply (8 bytes)

Stack: [0x000000ae01200000,0x000000ae01300000]
Native frames: (J=compiled Java code, j=interpreted, Vv=VM code, C=native code)
V  [jvm.dll+0x6e2279]  (no source info available)
V  [jvm.dll+0x874e33]  (no source info available)
V  [jvm.dll+0x87725e]  (no source info available)
V  [jvm.dll+0x877933]  (no source info available)
V  [jvm.dll+0x27fd76]  (no source info available)
V  [jvm.dll+0xc3d0f]  (no source info available)
V  [jvm.dll+0xc3f6b]  (no source info available)
V  [jvm.dll+0x3bb10c]  (no source info available)
V  [jvm.dll+0x387b6b]  (no source info available)
V  [jvm.dll+0x386fda]  (no source info available)
V  [jvm.dll+0x247918]  (no source info available)
V  [jvm.dll+0x246fbf]  (no source info available)
V  [jvm.dll+0x1c4e90]  (no source info available)
V  [jvm.dll+0x2569fe]  (no source info available)
V  [jvm.dll+0x254cba]  (no source info available)
V  [jvm.dll+0x3f5336]  (no source info available)
V  [jvm.dll+0x81d44b]  (no source info available)
V  [jvm.dll+0x6e0915]  (no source info available)
C  [ucrtbase.dll+0x29333]  (no source info available)
C  [KERNEL32.DLL+0x1257d]  (no source info available)
C  [ntdll.dll+0x5aa48]  (no source info available)


---------------  P R O C E S S  ---------------

Threads class SMR info:
_java_thread_list=0x0000021246a4bfa0, length=29, elements={
0x000002126ff39440, 0x000002126ff3b210, 0x000002126ff3d4b0, 0x000002126ff40ed0,
0x000002126ff43550, 0x000002126ff44300, 0x000002126ff52700, 0x000002126ff58700,
0x00000212451fae10, 0x00000212456ada40, 0x00000212456aeeb0, 0x0000021248902c20,
0x0000021245531eb0, 0x0000021249210040, 0x000002124920ec90, 0x000002124920df70,
0x000002124920f9b0, 0x0000021249210d60, 0x000002124920f320, 0x0000021247c613b0,
0x0000021247c63480, 0x0000021247c620d0, 0x0000021247c60690, 0x0000021247c60000,
0x0000021247c61a40, 0x0000021247c62760, 0x0000021247c62df0, 0x0000021247c60d20,
0x0000021248dfd6b0
}

Java Threads: ( => current thread )
  0x000002126ff39440 JavaThread "Reference Handler"          daemon [_thread_blocked, id=14100, stack(0x000000ae00c00000,0x000000ae00d00000) (1024K)]
  0x000002126ff3b210 JavaThread "Finalizer"                  daemon [_thread_blocked, id=20748, stack(0x000000ae00d00000,0x000000ae00e00000) (1024K)]
  0x000002126ff3d4b0 JavaThread "Signal Dispatcher"          daemon [_thread_blocked, id=13676, stack(0x000000ae00e00000,0x000000ae00f00000) (1024K)]
  0x000002126ff40ed0 JavaThread "Attach Listener"            daemon [_thread_blocked, id=2908, stack(0x000000ae00f00000,0x000000ae01000000) (1024K)]
  0x000002126ff43550 JavaThread "Service Thread"             daemon [_thread_blocked, id=980, stack(0x000000ae01000000,0x000000ae01100000) (1024K)]
  0x000002126ff44300 JavaThread "Monitor Deflation Thread"   daemon [_thread_blocked, id=19440, stack(0x000000ae01100000,0x000000ae01200000) (1024K)]
=>0x000002126ff52700 JavaThread "C2 CompilerThread0"         daemon [_thread_in_native, id=7588, stack(0x000000ae01200000,0x000000ae01300000) (1024K)]
  0x000002126ff58700 JavaThread "C1 CompilerThread0"         daemon [_thread_blocked, id=25032, stack(0x000000ae01300000,0x000000ae01400000) (1024K)]
  0x00000212451fae10 JavaThread "Common-Cleaner"             daemon [_thread_blocked, id=25828, stack(0x000000ae01400000,0x000000ae01500000) (1024K)]
  0x00000212456ada40 JavaThread "Monitor Ctrl-Break"         daemon [_thread_in_native, id=27364, stack(0x000000ae01600000,0x000000ae01700000) (1024K)]
  0x00000212456aeeb0 JavaThread "Notification Thread"        daemon [_thread_blocked, id=14584, stack(0x000000ae01700000,0x000000ae01800000) (1024K)]
  0x0000021248902c20 JavaThread "mysql-cj-abandoned-connection-cleanup" daemon [_thread_blocked, id=14752, stack(0x000000ae02000000,0x000000ae02100000) (1024K)]
  0x0000021245531eb0 JavaThread "HikariPool-1 housekeeper"   daemon [_thread_blocked, id=29652, stack(0x000000ae02100000,0x000000ae02200000) (1024K)]
  0x0000021249210040 JavaThread "Catalina-utility-1"                [_thread_blocked, id=18980, stack(0x000000ae02300000,0x000000ae02400000) (1024K)]
  0x000002124920ec90 JavaThread "Catalina-utility-2"                [_thread_blocked, id=11744, stack(0x000000ae02400000,0x000000ae02500000) (1024K)]
  0x000002124920df70 JavaThread "container-0"                       [_thread_blocked, id=10632, stack(0x000000ae02500000,0x000000ae02600000) (1024K)]
  0x000002124920f9b0 JavaThread "http-nio-8080-exec-1"       daemon [_thread_blocked, id=27356, stack(0x000000ae02200000,0x000000ae02300000) (1024K)]
  0x0000021249210d60 JavaThread "http-nio-8080-exec-2"       daemon [_thread_blocked, id=24544, stack(0x000000ae02600000,0x000000ae02700000) (1024K)]
  0x000002124920f320 JavaThread "http-nio-8080-exec-3"       daemon [_thread_blocked, id=13140, stack(0x000000ae02700000,0x000000ae02800000) (1024K)]
  0x0000021247c613b0 JavaThread "http-nio-8080-exec-4"       daemon [_thread_blocked, id=12236, stack(0x000000ae02800000,0x000000ae02900000) (1024K)]
  0x0000021247c63480 JavaThread "http-nio-8080-exec-5"       daemon [_thread_blocked, id=31560, stack(0x000000ae02900000,0x000000ae02a00000) (1024K)]
  0x0000021247c620d0 JavaThread "http-nio-8080-exec-6"       daemon [_thread_blocked, id=9400, stack(0x000000ae02a00000,0x000000ae02b00000) (1024K)]
  0x0000021247c60690 JavaThread "http-nio-8080-exec-7"       daemon [_thread_blocked, id=30412, stack(0x000000ae02b00000,0x000000ae02c00000) (1024K)]
  0x0000021247c60000 JavaThread "http-nio-8080-exec-8"       daemon [_thread_blocked, id=11848, stack(0x000000ae02c00000,0x000000ae02d00000) (1024K)]
  0x0000021247c61a40 JavaThread "http-nio-8080-exec-9"       daemon [_thread_blocked, id=14544, stack(0x000000ae02d00000,0x000000ae02e00000) (1024K)]
  0x0000021247c62760 JavaThread "http-nio-8080-exec-10"      daemon [_thread_blocked, id=20744, stack(0x000000ae02e00000,0x000000ae02f00000) (1024K)]
  0x0000021247c62df0 JavaThread "http-nio-8080-Poller"       daemon [_thread_in_native, id=24228, stack(0x000000ae02f00000,0x000000ae03000000) (1024K)]
  0x0000021247c60d20 JavaThread "http-nio-8080-Acceptor"     daemon [_thread_in_native, id=31184, stack(0x000000ae03000000,0x000000ae03100000) (1024K)]
  0x0000021248dfd6b0 JavaThread "DestroyJavaVM"                     [_thread_blocked, id=30072, stack(0x000000ae00400000,0x000000ae00500000) (1024K)]
Total: 29

Other Threads:
  0x000002126ff1ce40 VMThread "VM Thread"                           [id=25728, stack(0x000000ae00b00000,0x000000ae00c00000) (1024K)]
  0x000002126ff04b80 WatcherThread "VM Periodic Task Thread"        [id=11900, stack(0x000000ae00a00000,0x000000ae00b00000) (1024K)]
  0x00000212541abf20 WorkerThread "GC Thread#0"                     [id=16696, stack(0x000000ae00500000,0x000000ae00600000) (1024K)]
  0x0000021245fda650 WorkerThread "GC Thread#1"                     [id=29880, stack(0x000000ae01800000,0x000000ae01900000) (1024K)]
  0x0000021245fd9790 WorkerThread "GC Thread#2"                     [id=22960, stack(0x000000ae01900000,0x000000ae01a00000) (1024K)]
  0x0000021245fdadb0 WorkerThread "GC Thread#3"                     [id=32116, stack(0x000000ae01a00000,0x000000ae01b00000) (1024K)]
  0x0000021245fdb160 WorkerThread "GC Thread#4"                     [id=28292, stack(0x000000ae01b00000,0x000000ae01c00000) (1024K)]
  0x0000021245fd9ef0 WorkerThread "GC Thread#5"                     [id=27676, stack(0x000000ae01c00000,0x000000ae01d00000) (1024K)]
  0x0000021245fda2a0 WorkerThread "GC Thread#6"                     [id=2548, stack(0x000000ae01e00000,0x000000ae01f00000) (1024K)]
  0x00000212463dfd40 WorkerThread "GC Thread#7"                     [id=12396, stack(0x000000ae01f00000,0x000000ae02000000) (1024K)]
  0x00000212541b88a0 ConcurrentGCThread "G1 Main Marker"            [id=31740, stack(0x000000ae00600000,0x000000ae00700000) (1024K)]
  0x00000212541b9470 WorkerThread "G1 Conc#0"                       [id=23956, stack(0x000000ae00700000,0x000000ae00800000) (1024K)]
  0x00000212463df990 WorkerThread "G1 Conc#1"                       [id=27892, stack(0x000000ae01d00000,0x000000ae01e00000) (1024K)]
  0x000002126fdd7a70 ConcurrentGCThread "G1 Refine#0"               [id=14872, stack(0x000000ae00800000,0x000000ae00900000) (1024K)]
  0x000002126fdd8500 ConcurrentGCThread "G1 Service"                [id=10352, stack(0x000000ae00900000,0x000000ae00a00000) (1024K)]
Total: 15

Threads with active compile tasks:
C2 CompilerThread0  6732212 14670       4       org.springframework.expression.spel.support.ReflectivePropertyAccessor$$Lambda/0x0000021201a522a8::apply (8 bytes)
Total: 1

VM state: not at safepoint (normal execution)

VM Mutex/Monitor currently owned by a thread: None

Heap address: 0x00000000a2c00000, size: 1492 MB, Compressed Oops mode: 32-bit

CDS archive(s) mapped at: [0x0000021200000000-0x0000021200c50000-0x0000021200c50000), size 12910592, SharedBaseAddress: 0x0000021200000000, ArchiveRelocationMode: 1.
Compressed class space mapped at: 0x0000021201000000-0x0000021241000000, reserved size: 1073741824
Narrow klass base: 0x0000021200000000, Narrow klass shift: 0, Narrow klass range: 0x41000000

GC Precious Log:
 CardTable entry size: 512
 Card Set container configuration: InlinePtr #cards 5 size 8 Array Of Cards #cards 12 size 40 Howl #buckets 4 coarsen threshold 1843 Howl Bitmap #cards 512 size 80 coarsen threshold 460 Card regions per heap region 1 cards per card region 2048
 CPUs: 8 total, 8 available
 Memory: 5965M
 Large Page Support: Disabled
 NUMA Support: Disabled
 Compressed Oops: Enabled (32-bit)
 Heap Region Size: 1M
 Heap Min Capacity: 8M
 Heap Initial Capacity: 94M
 Heap Max Capacity: 1492M
 Pre-touch: Disabled
 Parallel Workers: 8
 Concurrent Workers: 2
 Concurrent Refinement Workers: 8
 Periodic GC: Disabled

Heap:
 garbage-first heap   total reserved 1527808K, committed 126976K, used 38079K [0x00000000a2c00000, 0x0000000100000000)
  region size 1024K, 4 young (4096K), 1 survivors (1024K)
 Metaspace       used 79836K, committed 80704K, reserved 1179648K
  class space    used 10594K, committed 11072K, reserved 1048576K

Heap Regions: E=young(eden), S=young(survivor), O=old, HS=humongous(starts), HC=humongous(continues), CS=collection set, F=free, TAMS=top-at-mark-start, PB=parsable bottom
|   0|0x00000000a2c00000, 0x00000000a2d00000, 0x00000000a2d00000|100%|HS|  |TAMS 0x00000000a2c00000| PB 0x00000000a2c00000| Complete |  0
|   1|0x00000000a2d00000, 0x00000000a2e00000, 0x00000000a2e00000|100%| O|  |TAMS 0x00000000a2d00000| PB 0x00000000a2d00000| Untracked |  0
|   2|0x00000000a2e00000, 0x00000000a2f00000, 0x00000000a2f00000|100%| O|  |TAMS 0x00000000a2e00000| PB 0x00000000a2e00000| Untracked |  0
|   3|0x00000000a2f00000, 0x00000000a3000000, 0x00000000a3000000|100%| O|  |TAMS 0x00000000a2f00000| PB 0x00000000a2f00000| Untracked |  0
|   4|0x00000000a3000000, 0x00000000a3100000, 0x00000000a3100000|100%| O|  |TAMS 0x00000000a3000000| PB 0x00000000a3000000| Untracked |  0
|   5|0x00000000a3100000, 0x00000000a3200000, 0x00000000a3200000|100%| O|  |TAMS 0x00000000a3100000| PB 0x00000000a3100000| Untracked |  0
|   6|0x00000000a3200000, 0x00000000a3300000, 0x00000000a3300000|100%| O|  |TAMS 0x00000000a3200000| PB 0x00000000a3200000| Untracked |  0
|   7|0x00000000a3300000, 0x00000000a3400000, 0x00000000a3400000|100%| O|  |TAMS 0x00000000a3300000| PB 0x00000000a3300000| Untracked |  0
|   8|0x00000000a3400000, 0x00000000a3500000, 0x00000000a3500000|100%| O|  |TAMS 0x00000000a3400000| PB 0x00000000a3400000| Untracked |  0
|   9|0x00000000a3500000, 0x00000000a3600000, 0x00000000a3600000|100%| O|  |TAMS 0x00000000a3500000| PB 0x00000000a3500000| Untracked |  0
|  10|0x00000000a3600000, 0x00000000a3700000, 0x00000000a3700000|100%| O|  |TAMS 0x00000000a3600000| PB 0x00000000a3600000| Untracked |  0
|  11|0x00000000a3700000, 0x00000000a3800000, 0x00000000a3800000|100%| O|  |TAMS 0x00000000a3700000| PB 0x00000000a3700000| Untracked |  0
|  12|0x00000000a3800000, 0x00000000a3900000, 0x00000000a3900000|100%| O|  |TAMS 0x00000000a3800000| PB 0x00000000a3800000| Untracked |  0
|  13|0x00000000a3900000, 0x00000000a3a00000, 0x00000000a3a00000|100%| O|  |TAMS 0x00000000a3900000| PB 0x00000000a3900000| Untracked |  0
|  14|0x00000000a3a00000, 0x00000000a3b00000, 0x00000000a3b00000|100%| O|  |TAMS 0x00000000a3a00000| PB 0x00000000a3a00000| Untracked |  0
|  15|0x00000000a3b00000, 0x00000000a3c00000, 0x00000000a3c00000|100%| O|  |TAMS 0x00000000a3b00000| PB 0x00000000a3b00000| Untracked |  0
|  16|0x00000000a3c00000, 0x00000000a3cf1a30, 0x00000000a3d00000| 94%| O|  |TAMS 0x00000000a3c00000| PB 0x00000000a3c00000| Untracked |  0
|  17|0x00000000a3d00000, 0x00000000a3e00000, 0x00000000a3e00000|100%| O|  |TAMS 0x00000000a3d00000| PB 0x00000000a3d00000| Untracked |  0
|  18|0x00000000a3e00000, 0x00000000a3f00000, 0x00000000a3f00000|100%| O|  |TAMS 0x00000000a3e00000| PB 0x00000000a3e00000| Untracked |  0
|  19|0x00000000a3f00000, 0x00000000a4000000, 0x00000000a4000000|100%| O|  |TAMS 0x00000000a3f00000| PB 0x00000000a3f00000| Untracked |  0
|  20|0x00000000a4000000, 0x00000000a4100000, 0x00000000a4100000|100%| O|  |TAMS 0x00000000a4000000| PB 0x00000000a4000000| Untracked |  0
|  21|0x00000000a4100000, 0x00000000a4200000, 0x00000000a4200000|100%| O|  |TAMS 0x00000000a4100000| PB 0x00000000a4100000| Untracked |  0
|  22|0x00000000a4200000, 0x00000000a4300000, 0x00000000a4300000|100%| O|  |TAMS 0x00000000a4200000| PB 0x00000000a4200000| Untracked |  0
|  23|0x00000000a4300000, 0x00000000a4400000, 0x00000000a4400000|100%| O|  |TAMS 0x00000000a4300000| PB 0x00000000a4300000| Untracked |  0
|  24|0x00000000a4400000, 0x00000000a4400000, 0x00000000a4500000|  0%| F|  |TAMS 0x00000000a4400000| PB 0x00000000a4400000| Untracked |  0
|  25|0x00000000a4500000, 0x00000000a4600000, 0x00000000a4600000|100%| O|  |TAMS 0x00000000a4500000| PB 0x00000000a4500000| Untracked |  0
|  26|0x00000000a4600000, 0x00000000a4700000, 0x00000000a4700000|100%| O|  |TAMS 0x00000000a4600000| PB 0x00000000a4600000| Untracked |  0
|  27|0x00000000a4700000, 0x00000000a4800000, 0x00000000a4800000|100%| O|  |TAMS 0x00000000a4700000| PB 0x00000000a4700000| Untracked |  0
|  28|0x00000000a4800000, 0x00000000a4900000, 0x00000000a4900000|100%| O|  |TAMS 0x00000000a4800000| PB 0x00000000a4800000| Untracked |  0
|  29|0x00000000a4900000, 0x00000000a4a00000, 0x00000000a4a00000|100%| O|  |TAMS 0x00000000a4900000| PB 0x00000000a4900000| Untracked |  0
|  30|0x00000000a4a00000, 0x00000000a4b00000, 0x00000000a4b00000|100%| O|  |TAMS 0x00000000a4a00000| PB 0x00000000a4a00000| Untracked |  0
|  31|0x00000000a4b00000, 0x00000000a4b00000, 0x00000000a4c00000|  0%| F|  |TAMS 0x00000000a4b00000| PB 0x00000000a4b00000| Untracked |  0
|  32|0x00000000a4c00000, 0x00000000a4d00000, 0x00000000a4d00000|100%| O|  |TAMS 0x00000000a4c00000| PB 0x00000000a4c00000| Untracked |  0
|  33|0x00000000a4d00000, 0x00000000a4dfcc20, 0x00000000a4e00000| 98%| O|  |TAMS 0x00000000a4d00000| PB 0x00000000a4d00000| Untracked |  0
|  34|0x00000000a4e00000, 0x00000000a4f00000, 0x00000000a4f00000|100%| O|  |TAMS 0x00000000a4e00000| PB 0x00000000a4e00000| Untracked |  0
|  35|0x00000000a4f00000, 0x00000000a4f00000, 0x00000000a5000000|  0%| F|  |TAMS 0x00000000a4f00000| PB 0x00000000a4f00000| Untracked |  0
|  36|0x00000000a5000000, 0x00000000a5000000, 0x00000000a5100000|  0%| F|  |TAMS 0x00000000a5000000| PB 0x00000000a5000000| Untracked |  0
|  37|0x00000000a5100000, 0x00000000a5100000, 0x00000000a5200000|  0%| F|  |TAMS 0x00000000a5100000| PB 0x00000000a5100000| Untracked |  0
|  38|0x00000000a5200000, 0x00000000a5300000, 0x00000000a5300000|100%| O|  |TAMS 0x00000000a5200000| PB 0x00000000a5200000| Untracked |  0
|  39|0x00000000a5300000, 0x00000000a5300000, 0x00000000a5400000|  0%| F|  |TAMS 0x00000000a5300000| PB 0x00000000a5300000| Untracked |  0
|  40|0x00000000a5400000, 0x00000000a5400000, 0x00000000a5500000|  0%| F|  |TAMS 0x00000000a5400000| PB 0x00000000a5400000| Untracked |  0
|  41|0x00000000a5500000, 0x00000000a5600000, 0x00000000a5600000|100%| O|  |TAMS 0x00000000a5500000| PB 0x00000000a5500000| Untracked |  0
|  42|0x00000000a5600000, 0x00000000a5600000, 0x00000000a5700000|  0%| F|  |TAMS 0x00000000a5600000| PB 0x00000000a5600000| Untracked |  0
|  43|0x00000000a5700000, 0x00000000a5700000, 0x00000000a5800000|  0%| F|  |TAMS 0x00000000a5700000| PB 0x00000000a5700000| Untracked |  0
|  44|0x00000000a5800000, 0x00000000a5800000, 0x00000000a5900000|  0%| F|  |TAMS 0x00000000a5800000| PB 0x00000000a5800000| Untracked |  0
|  45|0x00000000a5900000, 0x00000000a5900000, 0x00000000a5a00000|  0%| F|  |TAMS 0x00000000a5900000| PB 0x00000000a5900000| Untracked |  0
|  46|0x00000000a5a00000, 0x00000000a5a00000, 0x00000000a5b00000|  0%| F|  |TAMS 0x00000000a5a00000| PB 0x00000000a5a00000| Untracked |  0
|  47|0x00000000a5b00000, 0x00000000a5b00000, 0x00000000a5c00000|  0%| F|  |TAMS 0x00000000a5b00000| PB 0x00000000a5b00000| Untracked |  0
|  48|0x00000000a5c00000, 0x00000000a5c00000, 0x00000000a5d00000|  0%| F|  |TAMS 0x00000000a5c00000| PB 0x00000000a5c00000| Untracked |  0
|  49|0x00000000a5d00000, 0x00000000a5d00000, 0x00000000a5e00000|  0%| F|  |TAMS 0x00000000a5d00000| PB 0x00000000a5d00000| Untracked |  0
|  50|0x00000000a5e00000, 0x00000000a5e41848, 0x00000000a5f00000| 25%| S|CS|TAMS 0x00000000a5e00000| PB 0x00000000a5e00000| Complete |  0
|  51|0x00000000a5f00000, 0x00000000a5f00000, 0x00000000a6000000|  0%| F|  |TAMS 0x00000000a5f00000| PB 0x00000000a5f00000| Untracked |  0
|  52|0x00000000a6000000, 0x00000000a6000000, 0x00000000a6100000|  0%| F|  |TAMS 0x00000000a6000000| PB 0x00000000a6000000| Untracked |  0
|  53|0x00000000a6100000, 0x00000000a6100000, 0x00000000a6200000|  0%| F|  |TAMS 0x00000000a6100000| PB 0x00000000a6100000| Untracked |  0
|  54|0x00000000a6200000, 0x00000000a6200000, 0x00000000a6300000|  0%| F|  |TAMS 0x00000000a6200000| PB 0x00000000a6200000| Untracked |  0
|  55|0x00000000a6300000, 0x00000000a6300000, 0x00000000a6400000|  0%| F|  |TAMS 0x00000000a6300000| PB 0x00000000a6300000| Untracked |  0
|  56|0x00000000a6400000, 0x00000000a6400000, 0x00000000a6500000|  0%| F|  |TAMS 0x00000000a6400000| PB 0x00000000a6400000| Untracked |  0
|  57|0x00000000a6500000, 0x00000000a6500000, 0x00000000a6600000|  0%| F|  |TAMS 0x00000000a6500000| PB 0x00000000a6500000| Untracked |  0
|  58|0x00000000a6600000, 0x00000000a6600000, 0x00000000a6700000|  0%| F|  |TAMS 0x00000000a6600000| PB 0x00000000a6600000| Untracked |  0
|  59|0x00000000a6700000, 0x00000000a6700000, 0x00000000a6800000|  0%| F|  |TAMS 0x00000000a6700000| PB 0x00000000a6700000| Untracked |  0
|  60|0x00000000a6800000, 0x00000000a6800000, 0x00000000a6900000|  0%| F|  |TAMS 0x00000000a6800000| PB 0x00000000a6800000| Untracked |  0
|  61|0x00000000a6900000, 0x00000000a6900000, 0x00000000a6a00000|  0%| F|  |TAMS 0x00000000a6900000| PB 0x00000000a6900000| Untracked |  0
|  62|0x00000000a6a00000, 0x00000000a6a00000, 0x00000000a6b00000|  0%| F|  |TAMS 0x00000000a6a00000| PB 0x00000000a6a00000| Untracked |  0
|  63|0x00000000a6b00000, 0x00000000a6b00000, 0x00000000a6c00000|  0%| F|  |TAMS 0x00000000a6b00000| PB 0x00000000a6b00000| Untracked |  0
|  64|0x00000000a6c00000, 0x00000000a6c00000, 0x00000000a6d00000|  0%| F|  |TAMS 0x00000000a6c00000| PB 0x00000000a6c00000| Untracked |  0
|  65|0x00000000a6d00000, 0x00000000a6d00000, 0x00000000a6e00000|  0%| F|  |TAMS 0x00000000a6d00000| PB 0x00000000a6d00000| Untracked |  0
|  66|0x00000000a6e00000, 0x00000000a6e00000, 0x00000000a6f00000|  0%| F|  |TAMS 0x00000000a6e00000| PB 0x00000000a6e00000| Untracked |  0
|  67|0x00000000a6f00000, 0x00000000a6f00000, 0x00000000a7000000|  0%| F|  |TAMS 0x00000000a6f00000| PB 0x00000000a6f00000| Untracked |  0
|  68|0x00000000a7000000, 0x00000000a7000000, 0x00000000a7100000|  0%| F|  |TAMS 0x00000000a7000000| PB 0x00000000a7000000| Untracked |  0
|  69|0x00000000a7100000, 0x00000000a7100000, 0x00000000a7200000|  0%| F|  |TAMS 0x00000000a7100000| PB 0x00000000a7100000| Untracked |  0
|  70|0x00000000a7200000, 0x00000000a7200000, 0x00000000a7300000|  0%| F|  |TAMS 0x00000000a7200000| PB 0x00000000a7200000| Untracked |  0
|  71|0x00000000a7300000, 0x00000000a7300000, 0x00000000a7400000|  0%| F|  |TAMS 0x00000000a7300000| PB 0x00000000a7300000| Untracked |  0
|  72|0x00000000a7400000, 0x00000000a7400000, 0x00000000a7500000|  0%| F|  |TAMS 0x00000000a7400000| PB 0x00000000a7400000| Untracked |  0
|  73|0x00000000a7500000, 0x00000000a7500000, 0x00000000a7600000|  0%| F|  |TAMS 0x00000000a7500000| PB 0x00000000a7500000| Untracked |  0
|  74|0x00000000a7600000, 0x00000000a7600000, 0x00000000a7700000|  0%| F|  |TAMS 0x00000000a7600000| PB 0x00000000a7600000| Untracked |  0
|  75|0x00000000a7700000, 0x00000000a7700000, 0x00000000a7800000|  0%| F|  |TAMS 0x00000000a7700000| PB 0x00000000a7700000| Untracked |  0
|  76|0x00000000a7800000, 0x00000000a7800000, 0x00000000a7900000|  0%| F|  |TAMS 0x00000000a7800000| PB 0x00000000a7800000| Untracked |  0
|  77|0x00000000a7900000, 0x00000000a7900000, 0x00000000a7a00000|  0%| F|  |TAMS 0x00000000a7900000| PB 0x00000000a7900000| Untracked |  0
|  78|0x00000000a7a00000, 0x00000000a7a00000, 0x00000000a7b00000|  0%| F|  |TAMS 0x00000000a7a00000| PB 0x00000000a7a00000| Untracked |  0
|  79|0x00000000a7b00000, 0x00000000a7b00000, 0x00000000a7c00000|  0%| F|  |TAMS 0x00000000a7b00000| PB 0x00000000a7b00000| Untracked |  0
|  80|0x00000000a7c00000, 0x00000000a7c00000, 0x00000000a7d00000|  0%| F|  |TAMS 0x00000000a7c00000| PB 0x00000000a7c00000| Untracked |  0
|  81|0x00000000a7d00000, 0x00000000a7d00000, 0x00000000a7e00000|  0%| F|  |TAMS 0x00000000a7d00000| PB 0x00000000a7d00000| Untracked |  0
|  82|0x00000000a7e00000, 0x00000000a7e00000, 0x00000000a7f00000|  0%| F|  |TAMS 0x00000000a7e00000| PB 0x00000000a7e00000| Untracked |  0
|  83|0x00000000a7f00000, 0x00000000a7f00000, 0x00000000a8000000|  0%| F|  |TAMS 0x00000000a7f00000| PB 0x00000000a7f00000| Untracked |  0
|  84|0x00000000a8000000, 0x00000000a8000000, 0x00000000a8100000|  0%| F|  |TAMS 0x00000000a8000000| PB 0x00000000a8000000| Untracked |  0
|  85|0x00000000a8100000, 0x00000000a8100000, 0x00000000a8200000|  0%| F|  |TAMS 0x00000000a8100000| PB 0x00000000a8100000| Untracked |  0
|  86|0x00000000a8200000, 0x00000000a8200000, 0x00000000a8300000|  0%| F|  |TAMS 0x00000000a8200000| PB 0x00000000a8200000| Untracked |  0
|  87|0x00000000a8300000, 0x00000000a8300000, 0x00000000a8400000|  0%| F|  |TAMS 0x00000000a8300000| PB 0x00000000a8300000| Untracked |  0
|  88|0x00000000a8400000, 0x00000000a8400000, 0x00000000a8500000|  0%| F|  |TAMS 0x00000000a8400000| PB 0x00000000a8400000| Untracked |  0
|  89|0x00000000a8500000, 0x00000000a8500000, 0x00000000a8600000|  0%| F|  |TAMS 0x00000000a8500000| PB 0x00000000a8500000| Untracked |  0
|  90|0x00000000a8600000, 0x00000000a8600000, 0x00000000a8700000|  0%| F|  |TAMS 0x00000000a8600000| PB 0x00000000a8600000| Untracked |  0
|  91|0x00000000a8700000, 0x00000000a8700000, 0x00000000a8800000|  0%| F|  |TAMS 0x00000000a8700000| PB 0x00000000a8700000| Untracked |  0
|  92|0x00000000a8800000, 0x00000000a8800000, 0x00000000a8900000|  0%| F|  |TAMS 0x00000000a8800000| PB 0x00000000a8800000| Untracked |  0
|  93|0x00000000a8900000, 0x00000000a8900000, 0x00000000a8a00000|  0%| F|  |TAMS 0x00000000a8900000| PB 0x00000000a8900000| Untracked |  0
|  94|0x00000000a8a00000, 0x00000000a8a00000, 0x00000000a8b00000|  0%| F|  |TAMS 0x00000000a8a00000| PB 0x00000000a8a00000| Untracked |  0
|  95|0x00000000a8b00000, 0x00000000a8b00000, 0x00000000a8c00000|  0%| F|  |TAMS 0x00000000a8b00000| PB 0x00000000a8b00000| Untracked |  0
|  96|0x00000000a8c00000, 0x00000000a8c00000, 0x00000000a8d00000|  0%| F|  |TAMS 0x00000000a8c00000| PB 0x00000000a8c00000| Untracked |  0
|  97|0x00000000a8d00000, 0x00000000a8d00000, 0x00000000a8e00000|  0%| F|  |TAMS 0x00000000a8d00000| PB 0x00000000a8d00000| Untracked |  0
|  98|0x00000000a8e00000, 0x00000000a8e00000, 0x00000000a8f00000|  0%| F|  |TAMS 0x00000000a8e00000| PB 0x00000000a8e00000| Untracked |  0
|  99|0x00000000a8f00000, 0x00000000a8f00000, 0x00000000a9000000|  0%| F|  |TAMS 0x00000000a8f00000| PB 0x00000000a8f00000| Untracked |  0
| 100|0x00000000a9000000, 0x00000000a9000000, 0x00000000a9100000|  0%| F|  |TAMS 0x00000000a9000000| PB 0x00000000a9000000| Untracked |  0
| 101|0x00000000a9100000, 0x00000000a9100000, 0x00000000a9200000|  0%| F|  |TAMS 0x00000000a9100000| PB 0x00000000a9100000| Untracked |  0
| 102|0x00000000a9200000, 0x00000000a9200000, 0x00000000a9300000|  0%| F|  |TAMS 0x00000000a9200000| PB 0x00000000a9200000| Untracked |  0
| 103|0x00000000a9300000, 0x00000000a9300000, 0x00000000a9400000|  0%| F|  |TAMS 0x00000000a9300000| PB 0x00000000a9300000| Untracked |  0
| 104|0x00000000a9400000, 0x00000000a9400000, 0x00000000a9500000|  0%| F|  |TAMS 0x00000000a9400000| PB 0x00000000a9400000| Untracked |  0
| 105|0x00000000a9500000, 0x00000000a9500000, 0x00000000a9600000|  0%| F|  |TAMS 0x00000000a9500000| PB 0x00000000a9500000| Untracked |  0
| 106|0x00000000a9600000, 0x00000000a9600000, 0x00000000a9700000|  0%| F|  |TAMS 0x00000000a9600000| PB 0x00000000a9600000| Untracked |  0
| 107|0x00000000a9700000, 0x00000000a9700000, 0x00000000a9800000|  0%| F|  |TAMS 0x00000000a9700000| PB 0x00000000a9700000| Untracked |  0
| 108|0x00000000a9800000, 0x00000000a9800000, 0x00000000a9900000|  0%| F|  |TAMS 0x00000000a9800000| PB 0x00000000a9800000| Untracked |  0
| 109|0x00000000a9900000, 0x00000000a9900000, 0x00000000a9a00000|  0%| F|  |TAMS 0x00000000a9900000| PB 0x00000000a9900000| Untracked |  0
| 110|0x00000000a9a00000, 0x00000000a9a00000, 0x00000000a9b00000|  0%| F|  |TAMS 0x00000000a9a00000| PB 0x00000000a9a00000| Untracked |  0
| 111|0x00000000a9b00000, 0x00000000a9b00000, 0x00000000a9c00000|  0%| F|  |TAMS 0x00000000a9b00000| PB 0x00000000a9b00000| Untracked |  0
| 112|0x00000000a9c00000, 0x00000000a9c00000, 0x00000000a9d00000|  0%| F|  |TAMS 0x00000000a9c00000| PB 0x00000000a9c00000| Untracked |  0
| 113|0x00000000a9d00000, 0x00000000a9d00000, 0x00000000a9e00000|  0%| F|  |TAMS 0x00000000a9d00000| PB 0x00000000a9d00000| Untracked |  0
| 114|0x00000000a9e00000, 0x00000000a9e00000, 0x00000000a9f00000|  0%| F|  |TAMS 0x00000000a9e00000| PB 0x00000000a9e00000| Untracked |  0
| 115|0x00000000a9f00000, 0x00000000a9f00000, 0x00000000aa000000|  0%| F|  |TAMS 0x00000000a9f00000| PB 0x00000000a9f00000| Untracked |  0
| 116|0x00000000aa000000, 0x00000000aa000000, 0x00000000aa100000|  0%| F|  |TAMS 0x00000000aa000000| PB 0x00000000aa000000| Untracked |  0
| 117|0x00000000aa100000, 0x00000000aa100000, 0x00000000aa200000|  0%| F|  |TAMS 0x00000000aa100000| PB 0x00000000aa100000| Untracked |  0
| 118|0x00000000aa200000, 0x00000000aa200000, 0x00000000aa300000|  0%| F|  |TAMS 0x00000000aa200000| PB 0x00000000aa200000| Untracked |  0
| 119|0x00000000aa300000, 0x00000000aa300000, 0x00000000aa400000|  0%| F|  |TAMS 0x00000000aa300000| PB 0x00000000aa300000| Untracked |  0
| 130|0x00000000aae00000, 0x00000000aae00000, 0x00000000aaf00000|  0%| F|  |TAMS 0x00000000aae00000| PB 0x00000000aae00000| Untracked |  0
| 131|0x00000000aaf00000, 0x00000000aafdd648, 0x00000000ab000000| 86%| E|  |TAMS 0x00000000aaf00000| PB 0x00000000aaf00000| Complete |  0
| 153|0x00000000ac500000, 0x00000000ac600000, 0x00000000ac600000|100%| E|CS|TAMS 0x00000000ac500000| PB 0x00000000ac500000| Complete |  0
|1491|0x00000000fff00000, 0x0000000100000000, 0x0000000100000000|100%| E|CS|TAMS 0x00000000fff00000| PB 0x00000000fff00000| Complete |  0

Card table byte_map: [0x000002126bac0000,0x000002126bdb0000] _byte_map_base: 0x000002126b5aa000

Marking Bits: (CMBitMap*) 0x00000212541ac540
 Bits: [0x000002126bdb0000, 0x000002126d500000)

Polling page: 0x0000021252150000

Metaspace:

Usage:
  Non-class:     67.62 MB used.
      Class:     10.35 MB used.
       Both:     77.97 MB used.

Virtual space:
  Non-class space:      128.00 MB reserved,      68.00 MB ( 53%) committed,  2 nodes.
      Class space:        1.00 GB reserved,      10.81 MB (  1%) committed,  1 nodes.
             Both:        1.12 GB reserved,      78.81 MB (  7%) committed. 

Chunk freelists:
   Non-Class:  12.02 MB
       Class:  5.42 MB
        Both:  17.44 MB

MaxMetaspaceSize: unlimited
CompressedClassSpaceSize: 1.00 GB
Initial GC threshold: 21.00 MB
Current GC threshold: 131.25 MB
CDS: on
 - commit_granule_bytes: 65536.
 - commit_granule_words: 8192.
 - virtual_space_node_default_size: 8388608.
 - enlarge_chunks_in_place: 1.
 - use_allocation_guard: 0.


Internal statistics:

num_allocs_failed_limit: 6.
num_arena_births: 1226.
num_arena_deaths: 420.
num_vsnodes_births: 3.
num_vsnodes_deaths: 0.
num_space_committed: 1261.
num_space_uncommitted: 0.
num_chunks_returned_to_freelist: 495.
num_chunks_taken_from_freelist: 4336.
num_chunk_merges: 125.
num_chunk_splits: 3007.
num_chunks_enlarged: 2324.
num_inconsistent_stats: 0.

CodeHeap 'non-profiled nmethods': size=120000Kb used=7770Kb max_used=9640Kb free=112229Kb
 bounds [0x0000021263f70000, 0x0000021264920000, 0x000002126b4a0000]
CodeHeap 'profiled nmethods': size=120000Kb used=5023Kb max_used=26363Kb free=114976Kb
 bounds [0x000002125c4a0000, 0x000002125de60000, 0x00000212639d0000]
CodeHeap 'non-nmethods': size=5760Kb used=1720Kb max_used=1786Kb free=4039Kb
 bounds [0x00000212639d0000, 0x0000021263c40000, 0x0000021263f70000]
 total_blobs=3996 nmethods=3254 adapters=644
 compilation: enabled
              stopped_count=0, restarted_count=0
 full_count=0

Compilation events (20 events):
Event: 6731.320 Thread 0x000002126ff52700 nmethod 14660 0x00000212640faf10 code [0x00000212640fb1a0, 0x00000212640fbf50]
Event: 6731.320 Thread 0x000002126ff52700 14661       4       org.springframework.http.converter.AbstractHttpMessageConverter::addDefaultHeaders (149 bytes)
Event: 6731.473 Thread 0x000002126ff52700 nmethod 14661 0x0000021264274d90 code [0x0000021264275360, 0x0000021264278d28]
Event: 6731.473 Thread 0x000002126ff52700 14662       4       java.lang.invoke.LambdaForm$MH/0x0000021201ac0000::invoke (63 bytes)
Event: 6731.475 Thread 0x000002126ff52700 nmethod 14662 0x00000212646c1d90 code [0x00000212646c1f20, 0x00000212646c20e8]
Event: 6731.482 Thread 0x000002126ff52700 14663       4       org.springframework.security.web.access.expression.WebExpressionVoter::findConfigAttribute (43 bytes)
Event: 6731.484 Thread 0x000002126ff52700 nmethod 14663 0x0000021264010790 code [0x0000021264010940, 0x0000021264010ad8]
Event: 6731.484 Thread 0x000002126ff52700 14664   !   4       org.springframework.web.servlet.DispatcherServlet::checkMultipart (126 bytes)
Event: 6731.486 Thread 0x000002126ff52700 nmethod 14664 0x0000021264011390 code [0x0000021264011540, 0x00000212640116e0]
Event: 6731.488 Thread 0x000002126ff52700 14665       4       org.springframework.expression.spel.support.ReflectivePropertyAccessor::canRead (236 bytes)
Event: 6731.688 Thread 0x000002126ff58700 14667       3       java.nio.channels.spi.AbstractInterruptibleChannel::end (53 bytes)
Event: 6731.688 Thread 0x000002126ff58700 nmethod 14667 0x000002125d68f590 code [0x000002125d68f7a0, 0x000002125d68fca0]
Event: 6731.688 Thread 0x000002126ff58700 14668       3       java.nio.channels.spi.AbstractInterruptibleChannel::begin (48 bytes)
Event: 6731.689 Thread 0x000002126ff58700 nmethod 14668 0x000002125d5f8e10 code [0x000002125d5f9000, 0x000002125d5f9660]
Event: 6731.856 Thread 0x000002126ff52700 nmethod 14665 0x00000212642fb010 code [0x00000212642fb840, 0x0000021264301740]
Event: 6731.857 Thread 0x000002126ff52700 14669   !   4       jdk.proxy2.$Proxy133::annotationType (29 bytes)
Event: 6731.858 Thread 0x000002126ff52700 nmethod 14669 0x000002126482ae90 code [0x000002126482b020, 0x000002126482b0f8]
Event: 6731.858 Thread 0x000002126ff52700 14666   !   4       org.springframework.expression.spel.support.ReflectivePropertyAccessor$OptimalPropertyAccessor::read (134 bytes)
Event: 6731.909 Thread 0x000002126ff52700 nmethod 14666 0x00000212640c2810 code [0x00000212640c2b80, 0x00000212640c4598]
Event: 6731.925 Thread 0x000002126ff52700 14670       4       org.springframework.expression.spel.support.ReflectivePropertyAccessor$$Lambda/0x0000021201a522a8::apply (8 bytes)

GC Heap History (20 events):
Event: 6724.416 GC heap before
{Heap before GC invocations=60 (full 0):
 garbage-first heap   total reserved 1527808K, committed 130048K, used 113043K [0x00000000a2c00000, 0x0000000100000000)
  region size 1024K, 76 young (77824K), 1 survivors (1024K)
 Metaspace       used 79831K, committed 80640K, reserved 1179648K
  class space    used 10594K, committed 11072K, reserved 1048576K
}
Event: 6724.417 GC heap after
{Heap after GC invocations=61 (full 0):
 garbage-first heap   total reserved 1527808K, committed 130048K, used 37300K [0x00000000a2c00000, 0x0000000100000000)
  region size 1024K, 1 young (1024K), 1 survivors (1024K)
 Metaspace       used 79831K, committed 80640K, reserved 1179648K
  class space    used 10594K, committed 11072K, reserved 1048576K
}
Event: 6725.161 GC heap before
{Heap before GC invocations=61 (full 0):
 garbage-first heap   total reserved 1527808K, committed 130048K, used 113076K [0x00000000a2c00000, 0x0000000100000000)
  region size 1024K, 76 young (77824K), 1 survivors (1024K)
 Metaspace       used 79831K, committed 80640K, reserved 1179648K
  class space    used 10594K, committed 11072K, reserved 1048576K
}
Event: 6725.163 GC heap after
{Heap after GC invocations=62 (full 0):
 garbage-first heap   total reserved 1527808K, committed 130048K, used 36966K [0x00000000a2c00000, 0x0000000100000000)
  region size 1024K, 1 young (1024K), 1 survivors (1024K)
 Metaspace       used 79831K, committed 80640K, reserved 1179648K
  class space    used 10594K, committed 11072K, reserved 1048576K
}
Event: 6725.967 GC heap before
{Heap before GC invocations=62 (full 0):
 garbage-first heap   total reserved 1527808K, committed 130048K, used 112742K [0x00000000a2c00000, 0x0000000100000000)
  region size 1024K, 76 young (77824K), 1 survivors (1024K)
 Metaspace       used 79832K, committed 80640K, reserved 1179648K
  class space    used 10594K, committed 11072K, reserved 1048576K
}
Event: 6725.969 GC heap after
{Heap after GC invocations=63 (full 0):
 garbage-first heap   total reserved 1527808K, committed 130048K, used 37021K [0x00000000a2c00000, 0x0000000100000000)
  region size 1024K, 1 young (1024K), 1 survivors (1024K)
 Metaspace       used 79832K, committed 80640K, reserved 1179648K
  class space    used 10594K, committed 11072K, reserved 1048576K
}
Event: 6726.668 GC heap before
{Heap before GC invocations=64 (full 0):
 garbage-first heap   total reserved 1527808K, committed 126976K, used 110749K [0x00000000a2c00000, 0x0000000100000000)
  region size 1024K, 74 young (75776K), 1 survivors (1024K)
 Metaspace       used 79832K, committed 80640K, reserved 1179648K
  class space    used 10594K, committed 11072K, reserved 1048576K
}
Event: 6726.669 GC heap after
{Heap after GC invocations=65 (full 0):
 garbage-first heap   total reserved 1527808K, committed 126976K, used 37025K [0x00000000a2c00000, 0x0000000100000000)
  region size 1024K, 1 young (1024K), 1 survivors (1024K)
 Metaspace       used 79832K, committed 80640K, reserved 1179648K
  class space    used 10594K, committed 11072K, reserved 1048576K
}
Event: 6727.427 GC heap before
{Heap before GC invocations=65 (full 0):
 garbage-first heap   total reserved 1527808K, committed 126976K, used 110753K [0x00000000a2c00000, 0x0000000100000000)
  region size 1024K, 74 young (75776K), 1 survivors (1024K)
 Metaspace       used 79833K, committed 80640K, reserved 1179648K
  class space    used 10594K, committed 11072K, reserved 1048576K
}
Event: 6727.431 GC heap after
{Heap after GC invocations=66 (full 0):
 garbage-first heap   total reserved 1527808K, committed 126976K, used 36553K [0x00000000a2c00000, 0x0000000100000000)
  region size 1024K, 1 young (1024K), 1 survivors (1024K)
 Metaspace       used 79833K, committed 80640K, reserved 1179648K
  class space    used 10594K, committed 11072K, reserved 1048576K
}
Event: 6728.154 GC heap before
{Heap before GC invocations=66 (full 0):
 garbage-first heap   total reserved 1527808K, committed 126976K, used 111305K [0x00000000a2c00000, 0x0000000100000000)
  region size 1024K, 74 young (75776K), 1 survivors (1024K)
 Metaspace       used 79833K, committed 80640K, reserved 1179648K
  class space    used 10594K, committed 11072K, reserved 1048576K
}
Event: 6728.156 GC heap after
{Heap after GC invocations=67 (full 0):
 garbage-first heap   total reserved 1527808K, committed 126976K, used 36679K [0x00000000a2c00000, 0x0000000100000000)
  region size 1024K, 1 young (1024K), 1 survivors (1024K)
 Metaspace       used 79833K, committed 80640K, reserved 1179648K
  class space    used 10594K, committed 11072K, reserved 1048576K
}
Event: 6728.972 GC heap before
{Heap before GC invocations=68 (full 0):
 garbage-first heap   total reserved 1527808K, committed 126976K, used 111431K [0x00000000a2c00000, 0x0000000100000000)
  region size 1024K, 74 young (75776K), 1 survivors (1024K)
 Metaspace       used 79833K, committed 80640K, reserved 1179648K
  class space    used 10594K, committed 11072K, reserved 1048576K
}
Event: 6728.973 GC heap after
{Heap after GC invocations=69 (full 0):
 garbage-first heap   total reserved 1527808K, committed 126976K, used 36665K [0x00000000a2c00000, 0x0000000100000000)
  region size 1024K, 1 young (1024K), 1 survivors (1024K)
 Metaspace       used 79833K, committed 80640K, reserved 1179648K
  class space    used 10594K, committed 11072K, reserved 1048576K
}
Event: 6729.738 GC heap before
{Heap before GC invocations=69 (full 0):
 garbage-first heap   total reserved 1527808K, committed 126976K, used 111417K [0x00000000a2c00000, 0x0000000100000000)
  region size 1024K, 74 young (75776K), 1 survivors (1024K)
 Metaspace       used 79833K, committed 80640K, reserved 1179648K
  class space    used 10594K, committed 11072K, reserved 1048576K
}
Event: 6729.741 GC heap after
{Heap after GC invocations=70 (full 0):
 garbage-first heap   total reserved 1527808K, committed 126976K, used 36350K [0x00000000a2c00000, 0x0000000100000000)
  region size 1024K, 1 young (1024K), 1 survivors (1024K)
 Metaspace       used 79833K, committed 80640K, reserved 1179648K
  class space    used 10594K, committed 11072K, reserved 1048576K
}
Event: 6730.468 GC heap before
{Heap before GC invocations=70 (full 0):
 garbage-first heap   total reserved 1527808K, committed 126976K, used 111102K [0x00000000a2c00000, 0x0000000100000000)
  region size 1024K, 74 young (75776K), 1 survivors (1024K)
 Metaspace       used 79833K, committed 80640K, reserved 1179648K
  class space    used 10594K, committed 11072K, reserved 1048576K
}
Event: 6730.470 GC heap after
{Heap after GC invocations=71 (full 0):
 garbage-first heap   total reserved 1527808K, committed 126976K, used 37398K [0x00000000a2c00000, 0x0000000100000000)
  region size 1024K, 1 young (1024K), 1 survivors (1024K)
 Metaspace       used 79833K, committed 80640K, reserved 1179648K
  class space    used 10594K, committed 11072K, reserved 1048576K
}
Event: 6731.275 GC heap before
{Heap before GC invocations=72 (full 0):
 garbage-first heap   total reserved 1527808K, committed 126976K, used 111126K [0x00000000a2c00000, 0x0000000100000000)
  region size 1024K, 74 young (75776K), 1 survivors (1024K)
 Metaspace       used 79836K, committed 80704K, reserved 1179648K
  class space    used 10594K, committed 11072K, reserved 1048576K
}
Event: 6731.277 GC heap after
{Heap after GC invocations=73 (full 0):
 garbage-first heap   total reserved 1527808K, committed 126976K, used 36408K [0x00000000a2c00000, 0x0000000100000000)
  region size 1024K, 1 young (1024K), 1 survivors (1024K)
 Metaspace       used 79836K, committed 80704K, reserved 1179648K
  class space    used 10594K, committed 11072K, reserved 1048576K
}

Dll operation events (15 events):
Event: 0.016 Loaded shared library C:\Users\fabri\.jdks\openjdk-22.0.1\bin\java.dll
Event: 0.054 Loaded shared library C:\Users\fabri\.jdks\openjdk-22.0.1\bin\jsvml.dll
Event: 0.167 Loaded shared library C:\Users\fabri\.jdks\openjdk-22.0.1\bin\zip.dll
Event: 0.175 Loaded shared library C:\Users\fabri\.jdks\openjdk-22.0.1\bin\instrument.dll
Event: 0.182 Loaded shared library C:\Users\fabri\.jdks\openjdk-22.0.1\bin\net.dll
Event: 0.185 Loaded shared library C:\Users\fabri\.jdks\openjdk-22.0.1\bin\nio.dll
Event: 0.188 Loaded shared library C:\Users\fabri\.jdks\openjdk-22.0.1\bin\zip.dll
Event: 0.310 Loaded shared library C:\Program Files\JetBrains\IntelliJ IDEA Community Edition 2024.1.1\bin\breakgen64.dll
Event: 0.324 Loaded shared library C:\Users\fabri\.jdks\openjdk-22.0.1\bin\extnet.dll
Event: 0.387 Loaded shared library C:\Users\fabri\.jdks\openjdk-22.0.1\bin\jimage.dll
Event: 1.482 Loaded shared library C:\Users\fabri\.jdks\openjdk-22.0.1\bin\le.dll
Event: 2.144 Loaded shared library C:\Users\fabri\.jdks\openjdk-22.0.1\bin\sunmscapi.dll
Event: 6.180 Loaded shared library C:\Users\fabri\.jdks\openjdk-22.0.1\bin\management.dll
Event: 6.185 Loaded shared library C:\Users\fabri\.jdks\openjdk-22.0.1\bin\management_ext.dll
Event: 7.080 Loaded shared library C:\Users\fabri\.jdks\openjdk-22.0.1\bin\verify.dll

Deoptimization events (20 events):
Event: 6729.540 Thread 0x0000021247c620d0 Uncommon trap: trap_request=0xffffffd6 fr.pc=0x0000021263fd2464 relative=0x00000000000002e4
Event: 6729.540 Thread 0x0000021247c620d0 Uncommon trap: reason=array_check action=maybe_recompile pc=0x0000021263fd2464 method=org.hibernate.sql.results.graph.internal.ImmutableFetchList$Builder.add(Lorg/hibernate/sql/results/graph/Fetch;)V @ 16 c2
Event: 6729.540 Thread 0x0000021247c620d0 DEOPT PACKING pc=0x0000021263fd2464 sp=0x000000ae02afbba0
Event: 6729.540 Thread 0x0000021247c620d0 DEOPT UNPACKING pc=0x0000021263a246a2 sp=0x000000ae02afbab8 mode 2
Event: 6729.874 Thread 0x000002124920f320 Uncommon trap: trap_request=0xffffffd6 fr.pc=0x000002126467010c relative=0x000000000000016c
Event: 6729.874 Thread 0x0000021247c60000 Uncommon trap: trap_request=0xffffffd6 fr.pc=0x000002126467010c relative=0x000000000000016c
Event: 6729.874 Thread 0x0000021247c60000 Uncommon trap: reason=array_check action=maybe_recompile pc=0x000002126467010c method=org.hibernate.sql.exec.spi.JdbcParametersList$Builder.add(Lorg/hibernate/sql/ast/tree/expression/JdbcParameter;)V @ 70 c2
Event: 6729.874 Thread 0x000002124920f320 Uncommon trap: reason=array_check action=maybe_recompile pc=0x000002126467010c method=org.hibernate.sql.exec.spi.JdbcParametersList$Builder.add(Lorg/hibernate/sql/ast/tree/expression/JdbcParameter;)V @ 70 c2
Event: 6729.874 Thread 0x0000021247c60000 DEOPT PACKING pc=0x000002126467010c sp=0x000000ae02cfbfc0
Event: 6729.874 Thread 0x000002124920f320 DEOPT PACKING pc=0x000002126467010c sp=0x000000ae027fc420
Event: 6729.874 Thread 0x0000021247c60000 DEOPT UNPACKING pc=0x0000021263a246a2 sp=0x000000ae02cfbf60 mode 2
Event: 6729.875 Thread 0x000002124920f320 DEOPT UNPACKING pc=0x0000021263a246a2 sp=0x000000ae027fc3c0 mode 2
Event: 6729.878 Thread 0x0000021247c60690 Uncommon trap: trap_request=0xffffffd6 fr.pc=0x000002126467010c relative=0x000000000000016c
Event: 6729.878 Thread 0x0000021247c60690 Uncommon trap: reason=array_check action=maybe_recompile pc=0x000002126467010c method=org.hibernate.sql.exec.spi.JdbcParametersList$Builder.add(Lorg/hibernate/sql/ast/tree/expression/JdbcParameter;)V @ 70 c2
Event: 6729.878 Thread 0x0000021247c60690 DEOPT PACKING pc=0x000002126467010c sp=0x000000ae02bfc650
Event: 6729.878 Thread 0x0000021247c60690 DEOPT UNPACKING pc=0x0000021263a246a2 sp=0x000000ae02bfc5f0 mode 2
Event: 6729.886 Thread 0x0000021247c63480 Uncommon trap: trap_request=0xffffffd6 fr.pc=0x000002126467010c relative=0x000000000000016c
Event: 6729.886 Thread 0x0000021247c63480 Uncommon trap: reason=array_check action=maybe_recompile pc=0x000002126467010c method=org.hibernate.sql.exec.spi.JdbcParametersList$Builder.add(Lorg/hibernate/sql/ast/tree/expression/JdbcParameter;)V @ 70 c2
Event: 6729.886 Thread 0x0000021247c63480 DEOPT PACKING pc=0x000002126467010c sp=0x000000ae029fc570
Event: 6729.886 Thread 0x0000021247c63480 DEOPT UNPACKING pc=0x0000021263a246a2 sp=0x000000ae029fc510 mode 2

Classes loaded (20 events):
Event: 586.811 Loading class sun/reflect/generics/tree/LongSignature
Event: 586.812 Loading class sun/reflect/generics/tree/LongSignature done
Event: 589.504 Loading class java/io/PushbackInputStream
Event: 589.510 Loading class java/io/PushbackInputStream done
Event: 614.696 Loading class jdk/internal/math/FDBigInteger
Event: 614.701 Loading class jdk/internal/math/FDBigInteger done
Event: 1763.984 Loading class java/security/SignatureException
Event: 1763.988 Loading class java/security/SignatureException done
Event: 1764.000 Loading class javax/net/ssl/SSLSocket
Event: 1764.010 Loading class javax/net/ssl/SSLSocket done
Event: 1764.011 Loading class java/security/spec/InvalidKeySpecException
Event: 1764.013 Loading class java/security/spec/InvalidKeySpecException done
Event: 1764.018 Loading class javax/crypto/NoSuchPaddingException
Event: 1764.018 Loading class javax/crypto/NoSuchPaddingException done
Event: 1764.019 Loading class javax/crypto/IllegalBlockSizeException
Event: 1764.021 Loading class javax/crypto/IllegalBlockSizeException done
Event: 1764.021 Loading class javax/crypto/BadPaddingException
Event: 1764.024 Loading class javax/crypto/BadPaddingException done
Event: 6705.634 Loading class sun/util/locale/LocaleExtensions
Event: 6705.638 Loading class sun/util/locale/LocaleExtensions done

Classes unloaded (20 events):
Event: 6718.564 Thread 0x000002126ff1ce40 Unloading class 0x0000021201aa8000 'java/lang/invoke/LambdaForm$MH+0x0000021201aa8000'
Event: 6718.564 Thread 0x000002126ff1ce40 Unloading class 0x0000021201a98400 'java/lang/invoke/LambdaForm$MH+0x0000021201a98400'
Event: 6718.564 Thread 0x000002126ff1ce40 Unloading class 0x0000021201a90400 'java/lang/invoke/LambdaForm$MH+0x0000021201a90400'
Event: 6718.564 Thread 0x000002126ff1ce40 Unloading class 0x0000021201a8b800 'java/lang/invoke/LambdaForm$MH+0x0000021201a8b800'
Event: 6718.564 Thread 0x000002126ff1ce40 Unloading class 0x0000021201a8bc00 'java/lang/invoke/LambdaForm$MH+0x0000021201a8bc00'
Event: 6718.564 Thread 0x000002126ff1ce40 Unloading class 0x0000021201a8b000 'java/lang/invoke/LambdaForm$DMH+0x0000021201a8b000'
Event: 6718.564 Thread 0x000002126ff1ce40 Unloading class 0x0000021201a8ac00 'java/lang/invoke/LambdaForm$MH+0x0000021201a8ac00'
Event: 6718.564 Thread 0x000002126ff1ce40 Unloading class 0x0000021201a8a400 'java/lang/invoke/LambdaForm$MH+0x0000021201a8a400'
Event: 6718.564 Thread 0x000002126ff1ce40 Unloading class 0x0000021201a8a000 'java/lang/invoke/LambdaForm$MH+0x0000021201a8a000'
Event: 6718.564 Thread 0x000002126ff1ce40 Unloading class 0x0000021201a89c00 'java/lang/invoke/LambdaForm$MH+0x0000021201a89c00'
Event: 6718.564 Thread 0x000002126ff1ce40 Unloading class 0x0000021201a89400 'java/lang/invoke/LambdaForm$MH+0x0000021201a89400'
Event: 6718.564 Thread 0x000002126ff1ce40 Unloading class 0x0000021201a89000 'java/lang/invoke/LambdaForm$MH+0x0000021201a89000'
Event: 6718.564 Thread 0x000002126ff1ce40 Unloading class 0x0000021201a88c00 'java/lang/invoke/LambdaForm$MH+0x0000021201a88c00'
Event: 6718.564 Thread 0x000002126ff1ce40 Unloading class 0x0000021201a88400 'java/lang/invoke/LambdaForm$MH+0x0000021201a88400'
Event: 6718.564 Thread 0x000002126ff1ce40 Unloading class 0x0000021201a88800 'java/lang/invoke/LambdaForm$MH+0x0000021201a88800'
Event: 6718.564 Thread 0x000002126ff1ce40 Unloading class 0x0000021201a85c00 'java/lang/invoke/LambdaForm$BMH+0x0000021201a85c00'
Event: 6718.564 Thread 0x000002126ff1ce40 Unloading class 0x0000021201a88000 'java/lang/invoke/LambdaForm$BMH+0x0000021201a88000'
Event: 6718.564 Thread 0x000002126ff1ce40 Unloading class 0x0000021201a85400 'java/lang/invoke/LambdaForm$DMH+0x0000021201a85400'
Event: 6718.564 Thread 0x000002126ff1ce40 Unloading class 0x0000021201a85000 'java/lang/invoke/LambdaForm$DMH+0x0000021201a85000'
Event: 6718.564 Thread 0x000002126ff1ce40 Unloading class 0x0000021201a84400 'java/lang/invoke/LambdaForm$MH+0x0000021201a84400'

Classes redefined (0 events):
No events

Internal exceptions (20 events):
Event: 586.238 Thread 0x000002124920f9b0 Exception <a 'java/lang/NoSuchMethodError'{0x00000000aba102c8}: 'java.lang.Object java.lang.invoke.DirectMethodHandle$Holder.invokeInterface(java.lang.Object, java.lang.Object, int)'> (0x00000000aba102c8) 
thrown [s\open\src\hotspot\share\interpreter\linkResolver.cpp, line 774]
Event: 586.481 Thread 0x000002124920f9b0 Exception <a 'java/lang/IncompatibleClassChangeError'{0x00000000aba2fe00}: Found class java.lang.Object, but interface was expected> (0x00000000aba2fe00) 
thrown [s\open\src\hotspot\share\interpreter\linkResolver.cpp, line 841]
Event: 586.481 Thread 0x0000021247c620d0 Exception <a 'java/lang/IncompatibleClassChangeError'{0x00000000ababc990}: Found class java.lang.Object, but interface was expected> (0x00000000ababc990) 
thrown [s\open\src\hotspot\share\interpreter\linkResolver.cpp, line 841]
Event: 586.830 Thread 0x0000021247c620d0 Exception <a 'java/lang/IncompatibleClassChangeError'{0x00000000ab9f9d28}: Found class java.lang.Object, but interface was expected> (0x00000000ab9f9d28) 
thrown [s\open\src\hotspot\share\interpreter\linkResolver.cpp, line 841]
Event: 586.830 Thread 0x000002124920f9b0 Exception <a 'java/lang/IncompatibleClassChangeError'{0x00000000ab9c53b0}: Found class java.lang.Object, but interface was expected> (0x00000000ab9c53b0) 
thrown [s\open\src\hotspot\share\interpreter\linkResolver.cpp, line 841]
Event: 586.862 Thread 0x0000021247c620d0 Exception <a 'java/lang/IncompatibleClassChangeError'{0x00000000ab817828}: Found class java.lang.Object, but interface was expected> (0x00000000ab817828) 
thrown [s\open\src\hotspot\share\interpreter\linkResolver.cpp, line 841]
Event: 586.862 Thread 0x0000021247c620d0 Exception <a 'java/lang/IncompatibleClassChangeError'{0x00000000ab818878}: Found class java.lang.Object, but interface was expected> (0x00000000ab818878) 
thrown [s\open\src\hotspot\share\interpreter\linkResolver.cpp, line 841]
Event: 586.862 Thread 0x0000021247c620d0 Exception <a 'java/lang/IncompatibleClassChangeError'{0x00000000ab81c268}: Found class java.lang.Object, but interface was expected> (0x00000000ab81c268) 
thrown [s\open\src\hotspot\share\interpreter\linkResolver.cpp, line 841]
Event: 586.868 Thread 0x000002124920f9b0 Exception <a 'java/lang/IncompatibleClassChangeError'{0x00000000ab848258}: Found class java.lang.Object, but interface was expected> (0x00000000ab848258) 
thrown [s\open\src\hotspot\share\interpreter\linkResolver.cpp, line 841]
Event: 586.868 Thread 0x000002124920f9b0 Exception <a 'java/lang/IncompatibleClassChangeError'{0x00000000ab849290}: Found class java.lang.Object, but interface was expected> (0x00000000ab849290) 
thrown [s\open\src\hotspot\share\interpreter\linkResolver.cpp, line 841]
Event: 590.238 Thread 0x000002124920f320 Exception <a 'java/lang/NoSuchMethodError'{0x00000000ab502ad0}: 'int java.lang.invoke.DirectMethodHandle$Holder.invokeStatic(java.lang.Object, java.lang.Object, int, int)'> (0x00000000ab502ad0) 
thrown [s\open\src\hotspot\share\interpreter\linkResolver.cpp, line 774]
Event: 614.874 Thread 0x0000021249210d60 Exception <a 'java/lang/NoSuchMethodError'{0x00000000ab184710}: 'int java.lang.invoke.Invokers$Holder.invokeExact_MT(java.lang.Object, java.lang.Object, java.lang.Object)'> (0x00000000ab184710) 
thrown [s\open\src\hotspot\share\interpreter\linkResolver.cpp, line 774]
Event: 5390.811 Thread 0x0000021249210040 Implicit null exception at 0x0000021264494dce to 0x0000021264495094
Event: 5391.823 Thread 0x0000021249210040 Implicit null exception at 0x0000021264494dce to 0x0000021264495094
Event: 5392.823 Thread 0x0000021249210040 Implicit null exception at 0x0000021264494dce to 0x0000021264495094
Event: 5393.819 Thread 0x0000021249210040 Implicit null exception at 0x0000021264494dce to 0x0000021264495094
Event: 5394.815 Thread 0x0000021249210040 Implicit null exception at 0x0000021264495749 to 0x0000021264495a04
Event: 6698.808 Thread 0x0000021247c60000 Implicit null exception at 0x000002126409ea67 to 0x000002126409eaf8
Event: 6702.953 Thread 0x0000021247c620d0 Implicit null exception at 0x00000212641fce9b to 0x0000021264205ab0
Event: 6706.044 Thread 0x000002124920f9b0 Implicit null exception at 0x0000021264678aed to 0x0000021264679203

ZGC Phase Switch (0 events):
No events

VM Operations (20 events):
Event: 6727.427 Executing VM operation: G1CollectForAllocation (G1 Evacuation Pause)
Event: 6727.431 Executing VM operation: G1CollectForAllocation (G1 Evacuation Pause) done
Event: 6728.154 Executing VM operation: G1CollectForAllocation (G1 Evacuation Pause)
Event: 6728.156 Executing VM operation: G1CollectForAllocation (G1 Evacuation Pause) done
Event: 6728.191 Executing VM operation: G1PauseRemark
Event: 6728.195 Executing VM operation: G1PauseRemark done
Event: 6728.212 Executing VM operation: G1PauseCleanup
Event: 6728.212 Executing VM operation: G1PauseCleanup done
Event: 6728.972 Executing VM operation: G1CollectForAllocation (G1 Evacuation Pause)
Event: 6728.973 Executing VM operation: G1CollectForAllocation (G1 Evacuation Pause) done
Event: 6729.738 Executing VM operation: G1CollectForAllocation (G1 Evacuation Pause)
Event: 6729.741 Executing VM operation: G1CollectForAllocation (G1 Evacuation Pause) done
Event: 6730.468 Executing VM operation: G1CollectForAllocation (G1 Evacuation Pause)
Event: 6730.470 Executing VM operation: G1CollectForAllocation (G1 Evacuation Pause) done
Event: 6730.504 Executing VM operation: G1PauseRemark
Event: 6730.508 Executing VM operation: G1PauseRemark done
Event: 6730.525 Executing VM operation: G1PauseCleanup
Event: 6730.526 Executing VM operation: G1PauseCleanup done
Event: 6731.275 Executing VM operation: G1CollectForAllocation (G1 Evacuation Pause)
Event: 6731.277 Executing VM operation: G1CollectForAllocation (G1 Evacuation Pause) done

Events (20 events):
Event: 6730.508 Thread 0x000002126ff1ce40 flushing nmethod 0x000002125d5dac90
Event: 6730.508 Thread 0x000002126ff1ce40 flushing nmethod 0x000002125dcb4890
Event: 6730.508 Thread 0x000002126ff1ce40 flushing nmethod 0x000002125de58090
Event: 6730.508 Thread 0x000002126ff1ce40 flushing nmethod 0x000002125d4c3e10
Event: 6730.508 Thread 0x000002126ff1ce40 flushing nmethod 0x000002125d68f590
Event: 6730.508 Thread 0x000002126ff1ce40 flushing nmethod 0x000002125d83fd10
Event: 6730.508 Thread 0x000002126ff1ce40 flushing nmethod 0x000002125d849490
Event: 6730.508 Thread 0x000002126ff1ce40 flushing nmethod 0x000002125d853510
Event: 6730.508 Thread 0x000002126ff1ce40 flushing nmethod 0x000002125da41610
Event: 6730.508 Thread 0x000002126ff1ce40 flushing nmethod 0x000002125da56f90
Event: 6730.508 Thread 0x000002126ff1ce40 flushing nmethod 0x000002125d9be990
Event: 6730.508 Thread 0x000002126ff1ce40 flushing nmethod 0x000002125ceb2590
Event: 6730.508 Thread 0x000002126ff1ce40 flushing nmethod 0x000002125d6e9010
Event: 6730.508 Thread 0x000002126ff1ce40 flushing nmethod 0x000002125d6f1b90
Event: 6730.508 Thread 0x000002126ff1ce40 flushing nmethod 0x000002125da6a090
Event: 6730.508 Thread 0x000002126ff1ce40 flushing nmethod 0x000002125da70a90
Event: 6730.508 Thread 0x000002126ff1ce40 flushing nmethod 0x000002125da90c10
Event: 6730.508 Thread 0x000002126ff1ce40 flushing nmethod 0x000002125d602290
Event: 6730.508 Thread 0x000002126ff1ce40 flushing nmethod 0x000002125d713890
Event: 6730.508 Thread 0x000002126ff1ce40 flushing nmethod 0x000002125d728b90


Dynamic libraries:
0x00007ff6214c0000 - 0x00007ff6214ce000 	C:\Users\fabri\.jdks\openjdk-22.0.1\bin\java.exe
0x00007ffa2cd90000 - 0x00007ffa2cfa7000 	C:\Windows\SYSTEM32\ntdll.dll
0x00007ffa2b3b0000 - 0x00007ffa2b474000 	C:\Windows\System32\KERNEL32.DLL
0x00007ffa2a290000 - 0x00007ffa2a637000 	C:\Windows\System32\KERNELBASE.dll
0x00007ffa2a640000 - 0x00007ffa2a751000 	C:\Windows\System32\ucrtbase.dll
0x00007ffa25820000 - 0x00007ffa25837000 	C:\Users\fabri\.jdks\openjdk-22.0.1\bin\jli.dll
0x00007ffa257b0000 - 0x00007ffa257cb000 	C:\Users\fabri\.jdks\openjdk-22.0.1\bin\VCRUNTIME140.dll
0x00007ffa2ae00000 - 0x00007ffa2afae000 	C:\Windows\System32\USER32.dll
0x00007ffa2aa90000 - 0x00007ffa2aab6000 	C:\Windows\System32\win32u.dll
0x00007ffa17630000 - 0x00007ffa178c3000 	C:\Windows\WinSxS\amd64_microsoft.windows.common-controls_6595b64144ccf1df_6.0.22621.3527_none_270e469b73872a76\COMCTL32.dll
0x00007ffa2b800000 - 0x00007ffa2b8a7000 	C:\Windows\System32\msvcrt.dll
0x00007ffa2b8b0000 - 0x00007ffa2b8d9000 	C:\Windows\System32\GDI32.dll
0x00007ffa2a7e0000 - 0x00007ffa2a8f9000 	C:\Windows\System32\gdi32full.dll
0x00007ffa2a9c0000 - 0x00007ffa2aa5a000 	C:\Windows\System32\msvcp_win.dll
0x00007ffa2b060000 - 0x00007ffa2b091000 	C:\Windows\System32\IMM32.DLL
0x00007ffa257a0000 - 0x00007ffa257ac000 	C:\Users\fabri\.jdks\openjdk-22.0.1\bin\vcruntime140_1.dll
0x00007ffa20300000 - 0x00007ffa2038e000 	C:\Users\fabri\.jdks\openjdk-22.0.1\bin\msvcp140.dll
0x00007ff9cfdf0000 - 0x00007ff9d0b37000 	C:\Users\fabri\.jdks\openjdk-22.0.1\bin\server\jvm.dll
0x00007ffa2c240000 - 0x00007ffa2c2f2000 	C:\Windows\System32\ADVAPI32.dll
0x00007ffa2c300000 - 0x00007ffa2c3a8000 	C:\Windows\System32\sechost.dll
0x00007ffa2aa60000 - 0x00007ffa2aa88000 	C:\Windows\System32\bcrypt.dll
0x00007ffa2c3b0000 - 0x00007ffa2c4c5000 	C:\Windows\System32\RPCRT4.dll
0x00007ffa2b190000 - 0x00007ffa2b201000 	C:\Windows\System32\WS2_32.dll
0x00007ffa29f70000 - 0x00007ffa29fbd000 	C:\Windows\SYSTEM32\POWRPROF.dll
0x00007ffa24910000 - 0x00007ffa24944000 	C:\Windows\SYSTEM32\WINMM.dll
0x00007ffa205c0000 - 0x00007ffa205ca000 	C:\Windows\SYSTEM32\VERSION.dll
0x00007ffa29ea0000 - 0x00007ffa29eb3000 	C:\Windows\SYSTEM32\UMPDC.dll
0x00007ffa29090000 - 0x00007ffa290a8000 	C:\Windows\SYSTEM32\kernel.appcore.dll
0x00007ffa25790000 - 0x00007ffa2579a000 	C:\Users\fabri\.jdks\openjdk-22.0.1\bin\jimage.dll
0x00007ffa27a30000 - 0x00007ffa27c62000 	C:\Windows\SYSTEM32\DBGHELP.DLL
0x00007ffa2c4e0000 - 0x00007ffa2c868000 	C:\Windows\System32\combase.dll
0x00007ffa2b0a0000 - 0x00007ffa2b177000 	C:\Windows\System32\OLEAUT32.dll
0x00007ffa20bd0000 - 0x00007ffa20c02000 	C:\Windows\SYSTEM32\dbgcore.DLL
0x00007ffa2a760000 - 0x00007ffa2a7d9000 	C:\Windows\System32\bcryptPrimitives.dll
0x00007ffa25730000 - 0x00007ffa2573f000 	C:\Users\fabri\.jdks\openjdk-22.0.1\bin\instrument.dll
0x00007ffa25740000 - 0x00007ffa2575e000 	C:\Users\fabri\.jdks\openjdk-22.0.1\bin\java.dll
0x00007ffa2b8e0000 - 0x00007ffa2c13c000 	C:\Windows\System32\SHELL32.dll
0x00007ffa2b510000 - 0x00007ffa2b6b5000 	C:\Windows\System32\ole32.dll
0x00007ffa27fa0000 - 0x00007ffa28896000 	C:\Windows\SYSTEM32\windows.storage.dll
0x00007ffa27e60000 - 0x00007ffa27f9e000 	C:\Windows\SYSTEM32\wintypes.dll
0x00007ffa2b230000 - 0x00007ffa2b325000 	C:\Windows\System32\SHCORE.dll
0x00007ffa2ccf0000 - 0x00007ffa2cd4e000 	C:\Windows\System32\shlwapi.dll
0x00007ffa29fe0000 - 0x00007ffa2a001000 	C:\Windows\SYSTEM32\profapi.dll
0x00007ffa20180000 - 0x00007ffa20257000 	C:\Users\fabri\.jdks\openjdk-22.0.1\bin\jsvml.dll
0x00007ffa24990000 - 0x00007ffa249a7000 	C:\Users\fabri\.jdks\openjdk-22.0.1\bin\zip.dll
0x00007ffa25780000 - 0x00007ffa25790000 	C:\Users\fabri\.jdks\openjdk-22.0.1\bin\net.dll
0x00007ffa29560000 - 0x00007ffa295c9000 	C:\Windows\system32\mswsock.dll
0x00007ffa24a00000 - 0x00007ffa24a16000 	C:\Users\fabri\.jdks\openjdk-22.0.1\bin\nio.dll
0x00007ffa23b70000 - 0x00007ffa23b8a000 	C:\Program Files\JetBrains\IntelliJ IDEA Community Edition 2024.1.1\bin\breakgen64.dll
0x00007ffa25180000 - 0x00007ffa25189000 	C:\Users\fabri\.jdks\openjdk-22.0.1\bin\extnet.dll
0x00007ffa23b50000 - 0x00007ffa23b5b000 	C:\Users\fabri\.jdks\openjdk-22.0.1\bin\le.dll
0x00007ffa23b60000 - 0x00007ffa23b6e000 	C:\Users\fabri\.jdks\openjdk-22.0.1\bin\sunmscapi.dll
0x00007ffa2a120000 - 0x00007ffa2a288000 	C:\Windows\System32\CRYPT32.dll
0x00007ffa299d0000 - 0x00007ffa299fe000 	C:\Windows\SYSTEM32\ncrypt.dll
0x00007ffa29990000 - 0x00007ffa299c7000 	C:\Windows\SYSTEM32\NTASN1.dll
0x00007ffa298b0000 - 0x00007ffa298cb000 	C:\Windows\SYSTEM32\CRYPTSP.dll
0x00007ffa28ff0000 - 0x00007ffa29025000 	C:\Windows\system32\rsaenh.dll
0x00007ffa29600000 - 0x00007ffa29628000 	C:\Windows\SYSTEM32\USERENV.dll
0x00007ffa29890000 - 0x00007ffa2989c000 	C:\Windows\SYSTEM32\CRYPTBASE.dll
0x00007ffa28b00000 - 0x00007ffa28b2d000 	C:\Windows\SYSTEM32\IPHLPAPI.DLL
0x00007ffa2ac20000 - 0x00007ffa2ac29000 	C:\Windows\System32\NSI.dll
0x00007ffa24c40000 - 0x00007ffa24c4a000 	C:\Users\fabri\.jdks\openjdk-22.0.1\bin\management.dll
0x00007ffa24b20000 - 0x00007ffa24b2b000 	C:\Users\fabri\.jdks\openjdk-22.0.1\bin\management_ext.dll
0x00007ffa2c4d0000 - 0x00007ffa2c4d8000 	C:\Windows\System32\PSAPI.DLL
0x00007ffa23b30000 - 0x00007ffa23b40000 	C:\Users\fabri\.jdks\openjdk-22.0.1\bin\verify.dll
0x00007ffa28b30000 - 0x00007ffa28c28000 	C:\Windows\SYSTEM32\DNSAPI.dll
0x00007ffa24ba0000 - 0x00007ffa24baa000 	C:\Windows\System32\rasadhlp.dll
0x00007ffa21cb0000 - 0x00007ffa21d33000 	C:\Windows\System32\fwpuclnt.dll
0x00007ffa24aa0000 - 0x00007ffa24aa8000 	C:\Windows\system32\wshunix.dll

dbghelp: loaded successfully - version: 4.0.5 - missing functions: none
symbol engine: initialized successfully - sym options: 0x614 - pdb path: .;C:\Users\fabri\.jdks\openjdk-22.0.1\bin;C:\Windows\SYSTEM32;C:\Windows\WinSxS\amd64_microsoft.windows.common-controls_6595b64144ccf1df_6.0.22621.3527_none_270e469b73872a76;C:\Users\fabri\.jdks\openjdk-22.0.1\bin\server;C:\Program Files\JetBrains\IntelliJ IDEA Community Edition 2024.1.1\bin

VM Arguments:
jvm_args: -javaagent:C:\Program Files\JetBrains\IntelliJ IDEA Community Edition 2024.1.1\lib\idea_rt.jar=61967:C:\Program Files\JetBrains\IntelliJ IDEA Community Edition 2024.1.1\bin -Dfile.encoding=UTF-8 -Dsun.stdout.encoding=UTF-8 -Dsun.stderr.encoding=UTF-8 
java_command: com.example.Immersiveproject.ImmersiveProjectApplication
java_class_path (initial): C:\Users\fabri\Documents\GitHub\Test\Immersive-project\target\classes;C:\Users\fabri\.m2\repository\org\springframework\boot\spring-boot-starter-data-jpa\3.2.5\spring-boot-starter-data-jpa-3.2.5.jar;C:\Users\fabri\.m2\repository\org\springframework\boot\spring-boot-starter-aop\3.2.5\spring-boot-starter-aop-3.2.5.jar;C:\Users\fabri\.m2\repository\org\aspectj\aspectjweaver\1.9.22\aspectjweaver-1.9.22.jar;C:\Users\fabri\.m2\repository\org\springframework\boot\spring-boot-starter-jdbc\3.2.5\spring-boot-starter-jdbc-3.2.5.jar;C:\Users\fabri\.m2\repository\com\zaxxer\HikariCP\5.0.1\HikariCP-5.0.1.jar;C:\Users\fabri\.m2\repository\org\springframework\spring-jdbc\6.1.6\spring-jdbc-6.1.6.jar;C:\Users\fabri\.m2\repository\org\hibernate\orm\hibernate-core\6.4.4.Final\hibernate-core-6.4.4.Final.jar;C:\Users\fabri\.m2\repository\jakarta\persistence\jakarta.persistence-api\3.1.0\jakarta.persistence-api-3.1.0.jar;C:\Users\fabri\.m2\repository\jakarta\transaction\jakarta.transaction-api\2.0.1\jakarta.transaction-api-2.0.1.jar;C:\Users\fabri\.m2\repository\org\jboss\logging\jboss-logging\3.5.3.Final\jboss-logging-3.5.3.Final.jar;C:\Users\fabri\.m2\repository\org\hibernate\common\hibernate-commons-annotations\6.0.6.Final\hibernate-commons-annotations-6.0.6.Final.jar;C:\Users\fabri\.m2\repository\io\smallrye\jandex\3.1.2\jandex-3.1.2.jar;C:\Users\fabri\.m2\repository\com\fasterxml\classmate\1.6.0\classmate-1.6.0.jar;C:\Users\fabri\.m2\repository\net\bytebuddy\byte-buddy\1.14.13\byte-buddy-1.14.13.jar;C:\Users\fabri\.m2\repository\org\glassfish\jaxb\jaxb-runtime\4.0.5\jaxb-runtime-4.0.5.jar;C:\Users\fabri\.m2\repository\org\glassfish\jaxb\jaxb-core\4.0.5\jaxb-core-4.0.5.jar;C:\Users\fabri\.m2\repository\org\eclipse\angus\angus-activation\2.0.2\angus-activation-2.0.2.jar;C:\Users\fabri\.m2\repository\org\glassfish\jaxb\txw2\4.0.5\txw2-4.0.5.jar;C:\Users\fabri\.m2\repository\com\sun\istack\istack-commons-runtime\4.1.2\istack-commons-runtime-4.1.2.jar;C:\Users\fabri\.m2\repository\jakarta\inject\jakarta.inject-api\2.0.1\jakarta.inject-api-2.0.1.jar;C:\Users\fabri\.m2\repository\org\antlr\antlr4-runtime\4.13.0\antlr4-runtime-4.13.0.jar;C:\Users\fabri\.m2\repository\org\springframework\data\spring-data-jpa\3.2.5\spring-data-jpa-3.2.5.jar;C:\Users\fabri\.m2\repository\org\springframework\data\spring-data-commons\3.2.5\spring-data-commons-3.2.5.jar;C:\Users\fabri\.m2\repository\org\springframework\spring-orm\6.1.6\spring-orm-6.1.6.jar;C:\Users\fabri\.m2\repository\org\springframework\spring-context\6.1.6\spring-context-6.1.6.jar;C:\Users\fabri\.m2\repository\org\springframework\spring-tx\6.1.6\spring-tx-6.1.6.jar;C:\Users\fabri\.m2\repository\org\springframework\spring-beans\6.1.6\spring-beans-6.1.6.jar;C:\Users\fabri\.m2\repository\jakarta\annotation\jakarta.annotation-api\2.1.1\jakarta.annotation-api-2.1.1.jar;C:\Users\fabri\.m2\repository\org\slf4j\slf4j-api\2.0.13\slf4j-api-2.0.13.jar;C:\Users\fabri\.m2\repository\org\springframework\spring-aspects\6.1.6\spring-aspects-6.1.6.jar;C:\Users\fabri\.m2\repository\org\springframework\boot\spring-boot-starter-security\3.2.5\spring-boot-starter-security-3.2.5.jar;C:\Users\fabri\.m2\repository\org\springframework\boot\spring-boot-starter\3.2.5\spring-boot-starter-3.2.5.jar;C:\Users\fabri\.m2\repository\org\springframework\boot\spring-boot\3.2.5\spring-boot-3.2.5.jar;C:\Users\fabri\.m2\repository\org\springframework\boot\spring-boot-autoconfigure\3.2.5\spring-boot-autoconfigure-3.2.5.jar;C:\Users\fabri\.m2\repository\org\springframework\boot\spring-boot-starter-logging\3.2.5\spring-boot-starter-logging-3.2.5.jar;C:\Users\fabri\.m2\repository\ch\qos\logback\logback-classic\1.4.14\logback-classic-1.4.14.jar;C:\Users\fabri\.m2\repository\ch\qos\logback\logback-core\1.4.14\logback-core-1.4.14.jar;C:\Users\fabri\.m2\repository\org\apache\logging\log4j\log4j-to-slf4j\2.21.1\log4j-to-slf4j-2.21.1.jar;C:\Users\fabri\.m2\repository\org\apache\logging\log4j\log4j-api\2.21.1\log4j-api-2.21.1.jar;C:\Users\fabri\.m2\repository\org\slf4j\jul-to-slf4j\2.0.13\jul-to-slf4j-2.0.13.jar;C:\Users\fabri\.m2\repository\org\yaml\snakeyaml\2.2\snakeyaml-2.2.jar;C:\Users\fabri\.m2\repository\org\springframework\spring-aop\6.1.6\spring-aop-6.1.6.jar;C:\Users\fabri\.m2\repository\org\springframework\security\spring-security-config\6.2.4\spring-security-config-6.2.4.jar;C:\Users\fabri\.m2\repository\org\springframework\security\spring-security-web\6.2.4\spring-security-web-6.2.4.jar;C:\Users\fabri\.m2\repository\org\springframework\spring-expression\6.1.6\spring-expression-6.1.6.jar;C:\Users\fabri\.m2\repository\org\springframework\boot\spring-boot-starter-web\3.2.5\spring-boot-starter-web-3.2.5.jar;C:\Users\fabri\.m2\repository\org\springframework\boot\spring-boot-starter-json\3.2.5\spring-boot-starter-json-3.2.5.jar;C:\Users\fabri\.m2\repository\com\fasterxml\jackson\datatype\jackson-datatype-jdk8\2.15.4\jackson-datatype-jdk8-2.15.4.jar;C:\Users\fabri\.m2\repository\com\fasterxml\jackson\datatype\jackson-datatype-jsr310\2.15.4\jackson-datatype-jsr310-2.15.4.jar;C:\Users\fabri\.m2\repository\com\fasterxml\jackson\module\jackson-module-parameter-names\2.15.4\jackson-module-parameter-names-2.15.4.jar;C:\Users\fabri\.m2\repository\org\springframework\boot\spring-boot-starter-tomcat\3.2.5\spring-boot-starter-tomcat-3.2.5.jar;C:\Users\fabri\.m2\repository\org\apache\tomcat\embed\tomcat-embed-core\10.1.20\tomcat-embed-core-10.1.20.jar;C:\Users\fabri\.m2\repository\org\apache\tomcat\embed\tomcat-embed-el\10.1.20\tomcat-embed-el-10.1.20.jar;C:\Users\fabri\.m2\repository\org\apache\tomcat\embed\tomcat-embed-websocket\10.1.20\tomcat-embed-websocket-10.1.20.jar;C:\Users\fabri\.m2\repository\org\springframework\spring-web\6.1.6\spring-web-6.1.6.jar;C:\Users\fabri\.m2\repository\io\micrometer\micrometer-observation\1.12.5\micrometer-observation-1.12.5.jar;C:\Users\fabri\.m2\repository\io\micrometer\micrometer-commons\1.12.5\micrometer-commons-1.12.5.jar;C:\Users\fabri\.m2\repository\org\springframework\spring-webmvc\6.1.6\spring-webmvc-6.1.6.jar;C:\Users\fabri\.m2\repository\io\jsonwebtoken\jjwt-api\0.11.5\jjwt-api-0.11.5.jar;C:\Users\fabri\.m2\repository\io\jsonwebtoken\jjwt-impl\0.11.5\jjwt-impl-0.11.5.jar;C:\Users\fabri\.m2\repository\io\jsonwebtoken\jjwt-jackson\0.11.5\jjwt-jackson-0.11.5.jar;C:\Users\fabri\.m2\repository\com\fasterxml\jackson\core\jackson-databind\2.15.4\jackson-databind-2.15.4.jar;C:\Users\fabri\.m2\repository\com\fasterxml\jackson\core\jackson-annotations\2.15.4\jackson-annotations-2.15.4.jar;C:\Users\fabri\.m2\repository\com\fasterxml\jackson\core\jackson-core\2.15.4\jackson-core-2.15.4.jar;C:\Users\fabri\.m2\repository\com\mysql\mysql-connector-j\8.3.0\mysql-connector-j-8.3.0.jar;C:\Users\fabri\.m2\repository\jakarta\xml\bind\jakarta.xml.bind-api\4.0.2\jakarta.xml.bind-api-4.0.2.jar;C:\Users\fabri\.m2\repository\jakarta\activation\jakarta.activation-api\2.1.3\jakarta.activation-api-2.1.3.jar;C:\Users\fabri\.m2\repository\org\springframework\spring-core\6.1.6\spring-core-6.1.6.jar;C:\Users\fabri\.m2\repository\org\springframework\spring-jcl\6.1.6\spring-jcl-6.1.6.jar;C:\Users\fabri\.m2\repository\org\springframework\security\spring-security-core\6.2.4\spring-security-core-6.2.4.jar;C:\Users\fabri\.m2\repository\org\springframework\security\spring-security-crypto\6.2.4\spring-security-crypto-6.2.4.jar;C:\Users\fabri\.m2\repository\org\springframework\boot\spring-boot-starter-oauth2-resource-server\3.2.5\spring-boot-starter-oauth2-resource-server-3.2.5.jar;C:\Users\fabri\.m2\repository\org\springframework\security\spring-security-oauth2-resource-server\6.2.4\spring-security-oauth2-resource-server-6.2.4.jar;C:\Users\fabri\.m2\repository\org\springframework\security\spring-security-oauth2-core\6.2.4\spring-security-oauth2-core-6.2.4.jar;C:\Users\fabri\.m2\repository\org\springframework\security\spring-security-oauth2-jose\6.2.4\spring-security-oauth2-jose-6.2.4.jar;C:\Users\fabri\.m2\repository\com\nimbusds\nimbus-jose-jwt\9.24.4\nimbus-jose-jwt-9.24.4.jar;C:\Users\fabri\.m2\repository\com\github\stephenc\jcip\jcip-annotations\1.0-1\jcip-annotations-1.0-1.jar;C:\Users\fabri\.m2\repository\org\modelmapper\modelmapper\3.1.1\modelmapper-3.1.1.jar
Launcher Type: SUN_STANDARD

[Global flags]
     intx CICompilerCount                          = 4                                         {product} {ergonomic}
     uint ConcGCThreads                            = 2                                         {product} {ergonomic}
     uint G1ConcRefinementThreads                  = 8                                         {product} {ergonomic}
   size_t G1HeapRegionSize                         = 1048576                                   {product} {ergonomic}
   size_t InitialHeapSize                          = 98566144                                  {product} {ergonomic}
   size_t MarkStackSize                            = 4194304                                   {product} {ergonomic}
   size_t MaxHeapSize                              = 1564475392                                {product} {ergonomic}
   size_t MaxNewSize                               = 938475520                                 {product} {ergonomic}
   size_t MinHeapDeltaBytes                        = 1048576                                   {product} {ergonomic}
   size_t MinHeapSize                              = 8388608                                   {product} {ergonomic}
    uintx NonNMethodCodeHeapSize                   = 5839372                                {pd product} {ergonomic}
    uintx NonProfiledCodeHeapSize                  = 122909434                              {pd product} {ergonomic}
    uintx ProfiledCodeHeapSize                     = 122909434                              {pd product} {ergonomic}
    uintx ReservedCodeCacheSize                    = 251658240                              {pd product} {ergonomic}
     bool SegmentedCodeCache                       = true                                      {product} {ergonomic}
   size_t SoftMaxHeapSize                          = 1564475392                             {manageable} {ergonomic}
     bool UseCompressedOops                        = true                           {product lp64_product} {ergonomic}
     bool UseG1GC                                  = true                                      {product} {ergonomic}
     bool UseLargePagesIndividualAllocation        = false                                  {pd product} {ergonomic}

Logging:
Log output configuration:
 #0: stdout all=warning uptime,level,tags foldmultilines=false
 #1: stderr all=off uptime,level,tags foldmultilines=false

Environment Variables:
PATH=C:\Windows\system32;C:\Windows;C:\Windows\System32\Wbem;C:\Windows\System32\WindowsPowerShell\v1.0\;C:\Windows\System32\OpenSSH\;C:\Program Files\nodejs\;C:\Program Files (x86)\Git\cmd;C:\Users\fabri\AppData\Local\Microsoft\WindowsApps;C:\Users\fabri\AppData\Local\Programs\Microsoft VS Code\bin;C:\Users\fabri\AppData\Roaming\npm;C:\Users\fabri\AppData\Local\GitHubDesktop\bin;C:\Program Files\JetBrains\IntelliJ IDEA Community Edition 2024.1.1\bin;
USERNAME=fabri
OS=Windows_NT
PROCESSOR_IDENTIFIER=AMD64 Family 23 Model 160 Stepping 0, AuthenticAMD
TMP=C:\Users\fabri\AppData\Local\Temp
TEMP=C:\Users\fabri\AppData\Local\Temp




Periodic native trim disabled

---------------  S Y S T E M  ---------------

OS:
 Windows 11 , 64 bit Build 22621 (10.0.22621.3527)
OS uptime: 7 days 10:25 hours
Hyper-V role detected

CPU: total 8 (initial active 8) (8 cores per cpu, 2 threads per core) family 23 model 160 stepping 0 microcode 0x0, cx8, cmov, fxsr, ht, mmx, 3dnowpref, sse, sse2, sse3, ssse3, sse4a, sse4.1, sse4.2, popcnt, lzcnt, tsc, tscinvbit, avx, avx2, aes, clmul, bmi1, bmi2, adx, sha, fma, vzeroupper, clflush, clflushopt, hv, rdtscp, rdpid, f16c
Processor Information for all 8 processors :
  Max Mhz: 2801, Current Mhz: 2801, Mhz Limit: 2801

Memory: 4k page, system-wide physical 5965M (231M free)
TotalPageFile size 24397M (AvailPageFile size 202M)
current process WorkingSet (physical memory assigned to process): 327M, peak: 351M
current process commit charge ("private bytes"): 398M, peak: 443M

vm_info: OpenJDK 64-Bit Server VM (22.0.1+8-16) for windows-amd64 JRE (22.0.1+8-16), built on 2024-03-12T10:33:16Z by "mach5one" with MS VC++ 17.6 (VS2022)

END.
